<?xml version="1.0" encoding="UTF-8"?>
<!-- Generated by org.testng.reporters.JUnitXMLReporter -->
<testsuite ignored="0" hostname="LP-TZD-5X45757" failures="0" tests="5" name="Testing" time="17.878" errors="0" timestamp="2026-01-27T09:44:10 IST">
  <testcase classname="Selenium_Package.TC_ParallelTest" name="@BeforeMethod setup" time="-1.769487250409E9">
    <failure type="org.testng.TestNGException" message="
Parameter &amp;apos;browser&amp;apos; is required by BeforeMethod on method setup but has not been marked @Optional or defined
in C:\Users\Ravindra.5.Kumar\git\Jan2026\Project_jan_2026\testng.xml">
      <![CDATA[org.testng.TestNGException: 
Parameter 'browser' is required by BeforeMethod on method setup but has not been marked @Optional or defined
in C:\Users\Ravindra.5.Kumar\git\Jan2026\Project_jan_2026\testng.xml
at java.base/java.util.ArrayList.forEach(ArrayList.java:1596)
... Removed 28 stack frames]]>
    </failure>
  </testcase> <!-- @BeforeMethod setup -->
  <testcase classname="Selenium_Package.TC_ParallelTest" name="@AfterMethod teardown" time="0.0">
    <skipped/>
  </testcase> <!-- @AfterMethod teardown -->
  <testcase classname="Selenium_Package.TC_ParallelTest" name="@BeforeMethod setup" time="0.0">
    <skipped/>
  </testcase> <!-- @BeforeMethod setup -->
  <testcase classname="Selenium_Package.TC_ParallelTest" name="@AfterMethod teardown" time="0.0">
    <skipped/>
  </testcase> <!-- @AfterMethod teardown -->
  <testcase classname="Selenium_Package.TC_ParallelTest" name="@BeforeMethod setup" time="0.0">
    <skipped/>
  </testcase> <!-- @BeforeMethod setup -->
  <testcase classname="Selenium_Package.TC_ParallelTest" name="@AfterMethod teardown" time="0.0">
    <skipped/>
  </testcase> <!-- @AfterMethod teardown -->
  <testcase classname="Selenium_Package.TC_PT02" name="test4" time="8.131"/>
  <testcase classname="Selenium_Package.TC_PT02" name="test5" time="9.582"/>
  <testcase classname="Selenium_Package.TC_ParallelTest" name="test1" time="0.001">
    <skipped/>
  </testcase> <!-- test1 -->
  <testcase classname="Selenium_Package.TC_ParallelTest" name="test2" time="0.0">
    <skipped/>
  </testcase> <!-- test2 -->
  <testcase classname="Selenium_Package.TC_ParallelTest" name="test3" time="0.0">
    <skipped/>
  </testcase> <!-- test3 -->
</testsuite> <!-- Testing -->
