<?xml version="1.0" encoding="UTF-8"?>
<testng-results ignored="0" total="4" passed="4" failed="0" skipped="0">
  <reporter-output>
  </reporter-output>
  <suite started-at="2026-01-31T10:14:32 IST" name="Default suite" finished-at="2026-01-31T10:14:42 IST" duration-ms="10542">
    <groups>
    </groups>
    <test started-at="2026-01-31T10:14:32 IST" name="Default test" finished-at="2026-01-31T10:14:42 IST" duration-ms="10542">
      <class name="RESTAPITesting.CURD_user">
        <test-method signature="postuser1()[pri:1, instance:RESTAPITesting.CURD_user@5542c4ed]" started-at="2026-01-31T10:14:32 IST" name="postuser1" finished-at="2026-01-31T10:14:39 IST" duration-ms="7421" status="PASS">
          <reporter-output>
          </reporter-output>
        </test-method> <!-- postuser1 -->
        <test-method signature="putuser()[pri:2, instance:RESTAPITesting.CURD_user@5542c4ed]" started-at="2026-01-31T10:14:39 IST" name="putuser" finished-at="2026-01-31T10:14:40 IST" duration-ms="1101" status="PASS">
          <reporter-output>
          </reporter-output>
        </test-method> <!-- putuser -->
        <test-method signature="patchuser()[pri:3, instance:RESTAPITesting.CURD_user@5542c4ed]" started-at="2026-01-31T10:14:40 IST" name="patchuser" finished-at="2026-01-31T10:14:41 IST" duration-ms="964" status="PASS">
          <reporter-output>
          </reporter-output>
        </test-method> <!-- patchuser -->
        <test-method signature="deleteuser()[pri:4, instance:RESTAPITesting.CURD_user@5542c4ed]" started-at="2026-01-31T10:14:41 IST" name="deleteuser" finished-at="2026-01-31T10:14:42 IST" duration-ms="950" status="PASS">
          <reporter-output>
          </reporter-output>
        </test-method> <!-- deleteuser -->
      </class> <!-- RESTAPITesting.CURD_user -->
    </test> <!-- Default test -->
  </suite> <!-- Default suite -->
</testng-results>
