<?xml version="1.0" encoding="UTF-8"?>
<!-- Generated by org.testng.reporters.JUnitReportReporter -->
<testsuite hostname="LP-TZD-5X45757" failures="0" tests="2" name="Selenium_Package.TC_TestNGTest_PageFactory" time="32.116" errors="0" timestamp="2026-01-27T12:14:41 IST" skipped="0">
  <testcase classname="Selenium_Package.TC_TestNGTest_PageFactory" name="f" time="13.572"/>
  <testcase classname="Selenium_Package.TC_TestNGTest_PageFactory" name="f" time="18.544"/>
</testsuite> <!-- Selenium_Package.TC_TestNGTest_PageFactory -->
