<?xml version="1.0" encoding="UTF-8"?>
<!-- Generated by org.testng.reporters.JUnitReportReporter -->
<testsuite hostname="LP-TZD-5X45757" failures="0" tests="4" name="RESTAPITesting.CURD_user" time="10.436" errors="0" timestamp="2026-01-31T10:14:43 IST" skipped="0">
  <testcase classname="RESTAPITesting.CURD_user" name="postuser1" time="7.421"/>
  <testcase classname="RESTAPITesting.CURD_user" name="putuser" time="1.101"/>
  <testcase classname="RESTAPITesting.CURD_user" name="patchuser" time="0.964"/>
  <testcase classname="RESTAPITesting.CURD_user" name="deleteuser" time="0.950"/>
</testsuite> <!-- RESTAPITesting.CURD_user -->
